<?xml version="1.0" encoding="UTF-8"?>
<!-- Generated by org.testng.reporters.JUnitReportReporter -->
<testsuite hostname="DESKTOP-84926QS" name="com.smart.service.UserServiceTest" tests="3" failures="0" timestamp="30 May 2018 02:31:13 GMT" time="1.165" errors="0">
  <testcase name="testHasMatchUser" time="0.342" classname="com.smart.service.UserServiceTest"/>
  <testcase name="testLoginSuccess" time="0.481" classname="com.smart.service.UserServiceTest"/>
  <testcase name="testFindUserByUserName" time="0.342" classname="com.smart.service.UserServiceTest"/>
</testsuite> <!-- com.smart.service.UserServiceTest -->
